Determining if the pthread_create exist failed with the following output:
Change Dir: /home/ubuntu/Projects/PaperSummary/SLAM/DepthFilter/test/cmake-build-debug/CMakeFiles/CMakeTmp

Run Build Command(s):/usr/bin/make cmTC_02a4f/fast 
/usr/bin/make -f CMakeFiles/cmTC_02a4f.dir/build.make CMakeFiles/cmTC_02a4f.dir/build
make[1]: Entering directory '/home/ubuntu/Projects/PaperSummary/SLAM/DepthFilter/test/cmake-build-debug/CMakeFiles/CMakeTmp'
Building C object CMakeFiles/cmTC_02a4f.dir/CheckSymbolExists.c.o
/usr/bin/cc    -o CMakeFiles/cmTC_02a4f.dir/CheckSymbolExists.c.o   -c /home/ubuntu/Projects/PaperSummary/SLAM/DepthFilter/test/cmake-build-debug/CMakeFiles/CMakeTmp/CheckSymbolExists.c
Linking C executable cmTC_02a4f
/home/ubuntu/Downloads/Clion/clion-2019.2/bin/cmake/linux/bin/cmake -E cmake_link_script CMakeFiles/cmTC_02a4f.dir/link.txt --verbose=1
/usr/bin/cc      -rdynamic CMakeFiles/cmTC_02a4f.dir/CheckSymbolExists.c.o  -o cmTC_02a4f 
CMakeFiles/cmTC_02a4f.dir/CheckSymbolExists.c.o: In function `main':
CheckSymbolExists.c:(.text+0x16): undefined reference to `pthread_create'
collect2: error: ld returned 1 exit status
CMakeFiles/cmTC_02a4f.dir/build.make:86: recipe for target 'cmTC_02a4f' failed
make[1]: *** [cmTC_02a4f] Error 1
make[1]: Leaving directory '/home/ubuntu/Projects/PaperSummary/SLAM/DepthFilter/test/cmake-build-debug/CMakeFiles/CMakeTmp'
Makefile:121: recipe for target 'cmTC_02a4f/fast' failed
make: *** [cmTC_02a4f/fast] Error 2

File /home/ubuntu/Projects/PaperSummary/SLAM/DepthFilter/test/cmake-build-debug/CMakeFiles/CMakeTmp/CheckSymbolExists.c:
/* */
#include <pthread.h>

int main(int argc, char** argv)
{
  (void)argv;
#ifndef pthread_create
  return ((int*)(&pthread_create))[argc];
#else
  (void)argc;
  return 0;
#endif
}

Determining if the function pthread_create exists in the pthreads failed with the following output:
Change Dir: /home/ubuntu/Projects/PaperSummary/SLAM/DepthFilter/test/cmake-build-debug/CMakeFiles/CMakeTmp

Run Build Command(s):/usr/bin/make cmTC_54b4e/fast 
/usr/bin/make -f CMakeFiles/cmTC_54b4e.dir/build.make CMakeFiles/cmTC_54b4e.dir/build
make[1]: Entering directory '/home/ubuntu/Projects/PaperSummary/SLAM/DepthFilter/test/cmake-build-debug/CMakeFiles/CMakeTmp'
Building C object CMakeFiles/cmTC_54b4e.dir/CheckFunctionExists.c.o
/usr/bin/cc   -DCHECK_FUNCTION_EXISTS=pthread_create   -o CMakeFiles/cmTC_54b4e.dir/CheckFunctionExists.c.o   -c /home/ubuntu/Downloads/Clion/clion-2019.2/bin/cmake/linux/share/cmake-3.14/Modules/CheckFunctionExists.c
Linking C executable cmTC_54b4e
/home/ubuntu/Downloads/Clion/clion-2019.2/bin/cmake/linux/bin/cmake -E cmake_link_script CMakeFiles/cmTC_54b4e.dir/link.txt --verbose=1
/usr/bin/cc  -DCHECK_FUNCTION_EXISTS=pthread_create    -rdynamic CMakeFiles/cmTC_54b4e.dir/CheckFunctionExists.c.o  -o cmTC_54b4e -lpthreads 
/usr/bin/ld: cannot find -lpthreads
collect2: error: ld returned 1 exit status
CMakeFiles/cmTC_54b4e.dir/build.make:86: recipe for target 'cmTC_54b4e' failed
make[1]: *** [cmTC_54b4e] Error 1
make[1]: Leaving directory '/home/ubuntu/Projects/PaperSummary/SLAM/DepthFilter/test/cmake-build-debug/CMakeFiles/CMakeTmp'
Makefile:121: recipe for target 'cmTC_54b4e/fast' failed
make: *** [cmTC_54b4e/fast] Error 2


